<?xml version="1.0" encoding="UTF-8"?>
<!-- Generated by org.testng.reporters.JUnitReportReporter -->
<testsuite hostname="QAWIN10-VM1" failures="0" tests="1" name="com.test.GlobalNavigation" time="8.605" errors="0" timestamp="2023-09-28T10:17:00 UTC" skipped="0">
  <testcase classname="com.test.GlobalNavigation" name="globalnavigation" time="8.605"/>
  <system-out/>
</testsuite> <!-- com.test.GlobalNavigation -->
