<?xml version="1.0" encoding="UTF-8"?>
<!-- Generated by org.testng.reporters.JUnitReportReporter -->
<testsuite hostname="QAWIN10-VM1" failures="0" tests="1" name="com.test.FirstTest" time="12.533" errors="0" timestamp="2023-09-28T09:41:35 UTC" skipped="0">
  <testcase classname="com.test.FirstTest" name="firsttest" time="12.533"/>
  <system-out/>
</testsuite> <!-- com.test.FirstTest -->
