<?xml version="1.0" encoding="UTF-8"?>
<!-- Generated by org.testng.reporters.JUnitReportReporter -->
<testsuite hostname="QAWIN10-VM1" failures="0" tests="1" name="com.test.GlobalNavigation" time="7.849" errors="0" timestamp="2023-09-28T10:08:59 UTC" skipped="0">
  <testcase classname="com.test.GlobalNavigation" name="globalnavigation" time="7.849"/>
  <system-out/>
</testsuite> <!-- com.test.GlobalNavigation -->
